<?xml version="1.0" encoding="UTF-8"?>
<testng-results ignored="0" total="4" passed="3" failed="1" skipped="0">
  <reporter-output>
  </reporter-output>
  <suite started-at="2022-07-23T22:34:21 IST" name="RegressionSuite" finished-at="2022-07-23T22:34:53 IST" duration-ms="31558">
    <groups>
    </groups>
    <test started-at="2022-07-23T22:34:21 IST" name="RegressionTest" finished-at="2022-07-23T22:34:53 IST" duration-ms="31558">
      <class name="com.qa.testLayer.TestClass">
        <test-method is-config="true" signature="start()[pri:0, instance:com.qa.testLayer.TestClass@79e2c065]" started-at="2022-07-23T22:34:21 IST" name="start" finished-at="2022-07-23T22:34:21 IST" duration-ms="117" status="PASS">
          <reporter-output>
          </reporter-output>
        </test-method> <!-- start -->
        <test-method is-config="true" signature="setUp(java.lang.String)[pri:0, instance:com.qa.testLayer.TestClass@79e2c065]" started-at="2022-07-23T22:34:21 IST" name="setUp" finished-at="2022-07-23T22:34:25 IST" duration-ms="3784" status="PASS">
          <params>
            <param index="0">
              <value>
                <![CDATA[Chrome]]>
              </value>
            </param>
          </params>
          <reporter-output>
          </reporter-output>
        </test-method> <!-- setUp -->
        <test-method signature="verifyTheCountry()[pri:0, instance:com.qa.testLayer.TestClass@79e2c065]" started-at="2022-07-23T22:34:25 IST" name="verifyTheCountry" finished-at="2022-07-23T22:34:29 IST" duration-ms="3465" status="PASS">
          <reporter-output>
          </reporter-output>
        </test-method> <!-- verifyTheCountry -->
        <test-method is-config="true" signature="tearDown()[pri:0, instance:com.qa.testLayer.TestClass@79e2c065]" started-at="2022-07-23T22:34:29 IST" name="tearDown" finished-at="2022-07-23T22:34:29 IST" duration-ms="302" status="PASS">
          <reporter-output>
          </reporter-output>
        </test-method> <!-- tearDown -->
        <test-method is-config="true" signature="setUp(java.lang.String)[pri:0, instance:com.qa.testLayer.TestClass@79e2c065]" started-at="2022-07-23T22:34:29 IST" name="setUp" finished-at="2022-07-23T22:34:31 IST" duration-ms="2019" status="PASS">
          <params>
            <param index="0">
              <value>
                <![CDATA[Chrome]]>
              </value>
            </param>
          </params>
          <reporter-output>
          </reporter-output>
        </test-method> <!-- setUp -->
        <test-method signature="verifyTheCountryIMDb()[pri:0, instance:com.qa.testLayer.TestClass@79e2c065]" started-at="2022-07-23T22:34:31 IST" name="verifyTheCountryIMDb" finished-at="2022-07-23T22:34:38 IST" duration-ms="6749" status="PASS">
          <reporter-output>
          </reporter-output>
        </test-method> <!-- verifyTheCountryIMDb -->
        <test-method is-config="true" signature="tearDown()[pri:0, instance:com.qa.testLayer.TestClass@79e2c065]" started-at="2022-07-23T22:34:38 IST" name="tearDown" finished-at="2022-07-23T22:34:38 IST" duration-ms="371" status="PASS">
          <reporter-output>
          </reporter-output>
        </test-method> <!-- tearDown -->
        <test-method is-config="true" signature="setUp(java.lang.String)[pri:0, instance:com.qa.testLayer.TestClass@79e2c065]" started-at="2022-07-23T22:34:38 IST" name="setUp" finished-at="2022-07-23T22:34:40 IST" duration-ms="1885" status="PASS">
          <params>
            <param index="0">
              <value>
                <![CDATA[Chrome]]>
              </value>
            </param>
          </params>
          <reporter-output>
          </reporter-output>
        </test-method> <!-- setUp -->
        <test-method signature="verifyTheDate()[pri:0, instance:com.qa.testLayer.TestClass@79e2c065]" started-at="2022-07-23T22:34:40 IST" name="verifyTheDate" finished-at="2022-07-23T22:34:43 IST" duration-ms="2845" status="PASS">
          <reporter-output>
          </reporter-output>
        </test-method> <!-- verifyTheDate -->
        <test-method is-config="true" signature="tearDown()[pri:0, instance:com.qa.testLayer.TestClass@79e2c065]" started-at="2022-07-23T22:34:43 IST" name="tearDown" finished-at="2022-07-23T22:34:43 IST" duration-ms="258" status="PASS">
          <reporter-output>
          </reporter-output>
        </test-method> <!-- tearDown -->
        <test-method is-config="true" signature="setUp(java.lang.String)[pri:0, instance:com.qa.testLayer.TestClass@79e2c065]" started-at="2022-07-23T22:34:43 IST" name="setUp" finished-at="2022-07-23T22:34:45 IST" duration-ms="2153" status="PASS">
          <params>
            <param index="0">
              <value>
                <![CDATA[Chrome]]>
              </value>
            </param>
          </params>
          <reporter-output>
          </reporter-output>
        </test-method> <!-- setUp -->
        <test-method signature="verifyTheDateImDb()[pri:0, instance:com.qa.testLayer.TestClass@79e2c065]" started-at="2022-07-23T22:34:45 IST" name="verifyTheDateImDb" finished-at="2022-07-23T22:34:52 IST" duration-ms="6853" status="FAIL">
          <exception class="java.lang.AssertionError">
            <message>
              <![CDATA[expected [January 7, 2022 (United States)] but found [17 December 2021]]]>
            </message>
            <full-stacktrace>
              <![CDATA[java.lang.AssertionError: expected [January 7, 2022 (United States)] but found [17 December 2021]
at org.testng.Assert.fail(Assert.java:99)
at org.testng.Assert.failNotEquals(Assert.java:1037)
at org.testng.Assert.assertEqualsImpl(Assert.java:140)
at org.testng.Assert.assertEquals(Assert.java:122)
at org.testng.Assert.assertEquals(Assert.java:629)
at org.testng.Assert.assertEquals(Assert.java:639)
at com.qa.testLayer.TestClass.verifyTheDateImDb(TestClass.java:25)
at java.base/jdk.internal.reflect.NativeMethodAccessorImpl.invoke0(Native Method)
at java.base/jdk.internal.reflect.NativeMethodAccessorImpl.invoke(NativeMethodAccessorImpl.java:77)
at java.base/jdk.internal.reflect.DelegatingMethodAccessorImpl.invoke(DelegatingMethodAccessorImpl.java:43)
at java.base/java.lang.reflect.Method.invoke(Method.java:568)
at org.testng.internal.MethodInvocationHelper.invokeMethod(MethodInvocationHelper.java:133)
at org.testng.internal.TestInvoker.invokeMethod(TestInvoker.java:598)
at org.testng.internal.TestInvoker.invokeTestMethod(TestInvoker.java:173)
at org.testng.internal.MethodRunner.runInSequence(MethodRunner.java:46)
at org.testng.internal.TestInvoker$MethodInvocationAgent.invoke(TestInvoker.java:824)
at org.testng.internal.TestInvoker.invokeTestMethods(TestInvoker.java:146)
at org.testng.internal.TestMethodWorker.invokeTestMethods(TestMethodWorker.java:146)
at org.testng.internal.TestMethodWorker.run(TestMethodWorker.java:128)
at java.base/java.util.ArrayList.forEach(ArrayList.java:1511)
at org.testng.TestRunner.privateRun(TestRunner.java:794)
at org.testng.TestRunner.run(TestRunner.java:596)
at org.testng.SuiteRunner.runTest(SuiteRunner.java:377)
at org.testng.SuiteRunner.runSequentially(SuiteRunner.java:371)
at org.testng.SuiteRunner.privateRun(SuiteRunner.java:332)
at org.testng.SuiteRunner.run(SuiteRunner.java:276)
at org.testng.SuiteRunnerWorker.runSuite(SuiteRunnerWorker.java:53)
at org.testng.SuiteRunnerWorker.run(SuiteRunnerWorker.java:96)
at org.testng.TestNG.runSuitesSequentially(TestNG.java:1212)
at org.testng.TestNG.runSuitesLocally(TestNG.java:1134)
at org.testng.TestNG.runSuites(TestNG.java:1063)
at org.testng.TestNG.run(TestNG.java:1031)
at org.testng.remote.AbstractRemoteTestNG.run(AbstractRemoteTestNG.java:115)
at org.testng.remote.RemoteTestNG.initAndRun(RemoteTestNG.java:251)
at org.testng.remote.RemoteTestNG.main(RemoteTestNG.java:77)
]]>
            </full-stacktrace>
          </exception> <!-- java.lang.AssertionError -->
          <reporter-output>
          </reporter-output>
        </test-method> <!-- verifyTheDateImDb -->
        <test-method is-config="true" signature="tearDown()[pri:0, instance:com.qa.testLayer.TestClass@79e2c065]" started-at="2022-07-23T22:34:52 IST" name="tearDown" finished-at="2022-07-23T22:34:53 IST" duration-ms="296" status="PASS">
          <reporter-output>
          </reporter-output>
        </test-method> <!-- tearDown -->
        <test-method is-config="true" signature="stop()[pri:0, instance:com.qa.testLayer.TestClass@79e2c065]" started-at="2022-07-23T22:34:53 IST" name="stop" finished-at="2022-07-23T22:34:53 IST" duration-ms="2" status="PASS">
          <reporter-output>
          </reporter-output>
        </test-method> <!-- stop -->
      </class> <!-- com.qa.testLayer.TestClass -->
    </test> <!-- RegressionTest -->
  </suite> <!-- RegressionSuite -->
</testng-results>
